<?xml version="1.0" encoding="UTF-8"?>
<!-- Generated by org.testng.reporters.JUnitXMLReporter -->
<testsuite ignored="0" hostname="macs-MacBook-Pro-2.local" failures="0" tests="7" name="Default test" time="3.324" errors="0" timestamp="2023-03-28T15:56:27 WAT">
  <testcase classname="mytest.Konga" name="@BeforeTest setUp" time="3.244">
    <failure type="org.openqa.selenium.SessionNotCreatedException" message="Could not start a new session. Response code 500. Message: session not created: This version of ChromeDriver only supports Chrome version 109
Current browser version is 111.0.5563.110 with binary path /Applications/Google Chrome.app/Contents/MacOS/Google Chrome
Build info: version: &amp;apos;4.2.2&amp;apos;, revision: &amp;apos;683ccb65d6&amp;apos;
System info: host: &amp;apos;macs-MacBook-Pro-2.local&amp;apos;, ip: &amp;apos;fe80:0:0:0:73:e27d:c135:3299%en0&amp;apos;, os.name: &amp;apos;Mac OS X&amp;apos;, os.arch: &amp;apos;x86_64&amp;apos;, os.version: &amp;apos;11.3&amp;apos;, java.version: &amp;apos;17.0.2&amp;apos;
Driver info: org.openqa.selenium.chrome.ChromeDriver
Command: [null, newSession {capabilities=[Capabilities {browserName: chrome, goog:chromeOptions: {args: [], extensions: []}}], desiredCapabilities=Capabilities {browserName: chrome, goog:chromeOptions: {args: [], extensions: []}}}]">
      <![CDATA[org.openqa.selenium.SessionNotCreatedException: Could not start a new session. Response code 500. Message: session not created: This version of ChromeDriver only supports Chrome version 109
Current browser version is 111.0.5563.110 with binary path /Applications/Google Chrome.app/Contents/MacOS/Google Chrome
Build info: version: '4.2.2', revision: '683ccb65d6'
System info: host: 'macs-MacBook-Pro-2.local', ip: 'fe80:0:0:0:73:e27d:c135:3299%en0', os.name: 'Mac OS X', os.arch: 'x86_64', os.version: '11.3', java.version: '17.0.2'
Driver info: org.openqa.selenium.chrome.ChromeDriver
Command: [null, newSession {capabilities=[Capabilities {browserName: chrome, goog:chromeOptions: {args: [], extensions: []}}], desiredCapabilities=Capabilities {browserName: chrome, goog:chromeOptions: {args: [], extensions: []}}}]
at org.openqa.selenium.remote.ProtocolHandshake.createSession(ProtocolHandshake.java:144)
at org.openqa.selenium.remote.ProtocolHandshake.createSession(ProtocolHandshake.java:102)
at org.openqa.selenium.remote.ProtocolHandshake.createSession(ProtocolHandshake.java:67)
at org.openqa.selenium.remote.HttpCommandExecutor.execute(HttpCommandExecutor.java:156)
at org.openqa.selenium.remote.service.DriverCommandExecutor.invokeExecute(DriverCommandExecutor.java:167)
at org.openqa.selenium.remote.service.DriverCommandExecutor.execute(DriverCommandExecutor.java:142)
at org.openqa.selenium.remote.RemoteWebDriver.execute(RemoteWebDriver.java:588)
at org.openqa.selenium.remote.RemoteWebDriver.startSession(RemoteWebDriver.java:283)
at org.openqa.selenium.remote.RemoteWebDriver.<init>(RemoteWebDriver.java:184)
at org.openqa.selenium.chromium.ChromiumDriver.<init>(ChromiumDriver.java:106)
at org.openqa.selenium.chrome.ChromeDriver.<init>(ChromeDriver.java:106)
at org.openqa.selenium.chrome.ChromeDriver.<init>(ChromeDriver.java:93)
at org.openqa.selenium.chrome.ChromeDriver.<init>(ChromeDriver.java:48)
at mytest.Konga.setUp(Konga.java:35)
at java.base/jdk.internal.reflect.NativeMethodAccessorImpl.invoke0(Native Method)
at java.base/jdk.internal.reflect.NativeMethodAccessorImpl.invoke(NativeMethodAccessorImpl.java:77)
at java.base/jdk.internal.reflect.DelegatingMethodAccessorImpl.invoke(DelegatingMethodAccessorImpl.java:43)
at java.base/java.lang.reflect.Method.invoke(Method.java:568)
at org.testng.internal.MethodInvocationHelper.invokeMethod(MethodInvocationHelper.java:133)
at org.testng.internal.MethodInvocationHelper.invokeMethodConsideringTimeout(MethodInvocationHelper.java:62)
at org.testng.internal.ConfigInvoker.invokeConfigurationMethod(ConfigInvoker.java:385)
at org.testng.internal.ConfigInvoker.invokeConfigurations(ConfigInvoker.java:321)
at org.testng.TestRunner.invokeTestConfigurations(TestRunner.java:637)
at org.testng.TestRunner.beforeRun(TestRunner.java:627)
at org.testng.TestRunner.run(TestRunner.java:589)
at org.testng.SuiteRunner.runTest(SuiteRunner.java:377)
at org.testng.SuiteRunner.runSequentially(SuiteRunner.java:371)
at org.testng.SuiteRunner.privateRun(SuiteRunner.java:332)
at org.testng.SuiteRunner.run(SuiteRunner.java:276)
at org.testng.SuiteRunnerWorker.runSuite(SuiteRunnerWorker.java:53)
at org.testng.SuiteRunnerWorker.run(SuiteRunnerWorker.java:96)
at org.testng.TestNG.runSuitesSequentially(TestNG.java:1212)
at org.testng.TestNG.runSuitesLocally(TestNG.java:1134)
at org.testng.TestNG.runSuites(TestNG.java:1063)
at org.testng.TestNG.run(TestNG.java:1031)
at org.testng.remote.AbstractRemoteTestNG.run(AbstractRemoteTestNG.java:115)
at org.testng.remote.RemoteTestNG.initAndRun(RemoteTestNG.java:251)
at org.testng.remote.RemoteTestNG.main(RemoteTestNG.java:77)
]]>
    </failure>
  </testcase> <!-- @BeforeTest setUp -->
  <testcase classname="mytest.Konga" name="@BeforeMethod setUp" time="-1.680015387788E9">
    <skipped/>
  </testcase> <!-- @BeforeMethod setUp -->
  <testcase classname="mytest.Konga" name="@BeforeMethod setUp" time="-1.680015387795E9">
    <skipped/>
  </testcase> <!-- @BeforeMethod setUp -->
  <testcase classname="mytest.Konga" name="@BeforeMethod setUp" time="-1.680015387799E9">
    <skipped/>
  </testcase> <!-- @BeforeMethod setUp -->
  <testcase classname="mytest.Konga" name="@BeforeMethod setUp" time="-1.680015387803E9">
    <skipped/>
  </testcase> <!-- @BeforeMethod setUp -->
  <testcase classname="mytest.Konga" name="@BeforeMethod setUp" time="-1.680015387808E9">
    <skipped/>
  </testcase> <!-- @BeforeMethod setUp -->
  <testcase classname="mytest.Konga" name="@BeforeMethod setUp" time="-1.680015387812E9">
    <skipped/>
  </testcase> <!-- @BeforeMethod setUp -->
  <testcase classname="mytest.Konga" name="@BeforeMethod setUp" time="-1.680015387816E9">
    <skipped/>
  </testcase> <!-- @BeforeMethod setUp -->
  <testcase classname="mytest.Konga" name="addToCart" time="0.0">
    <skipped/>
  </testcase> <!-- addToCart -->
  <testcase classname="mytest.Konga" name="businessVerticles" time="0.0">
    <skipped/>
  </testcase> <!-- businessVerticles -->
  <testcase classname="mytest.Konga" name="categories" time="0.0">
    <skipped/>
  </testcase> <!-- categories -->
  <testcase classname="mytest.Konga" name="forgotPassword" time="0.0">
    <skipped/>
  </testcase> <!-- forgotPassword -->
  <testcase classname="mytest.Konga" name="googleLogin" time="0.0">
    <skipped/>
  </testcase> <!-- googleLogin -->
  <testcase classname="mytest.Konga" name="login" time="0.0">
    <skipped/>
  </testcase> <!-- login -->
  <testcase classname="mytest.Konga" name="signUp" time="0.0">
    <skipped/>
  </testcase> <!-- signUp -->
</testsuite> <!-- Default test -->
